<?xml version="1.0" encoding="UTF-8"?>
<!-- Generated by org.testng.reporters.JUnitXMLReporter -->
<testsuite ignored="0" hostname="IT1806226" failures="0" tests="11" name="Default test" time="362.159" errors="0" timestamp="2022-05-23T22:38:46 IST">
  <testcase classname="com.runner.RunnerFile" name="Scenario" time="30.082"/>
  <testcase classname="com.runner.RunnerFile" name="Scenario" time="17.235"/>
  <testcase classname="com.runner.RunnerFile" name="Scenario" time="19.303"/>
  <testcase classname="com.runner.RunnerFile" name="Scenario" time="37.064"/>
  <testcase classname="com.runner.RunnerFile" name="Scenario" time="29.142"/>
  <testcase classname="com.runner.RunnerFile" name="Scenario" time="30.344"/>
  <testcase classname="com.runner.RunnerFile" name="Scenario" time="44.903"/>
  <testcase classname="com.runner.RunnerFile" name="Scenario" time="36.924"/>
  <testcase classname="com.runner.RunnerFile" name="Scenario" time="38.363"/>
  <testcase classname="com.runner.RunnerFile" name="Scenario" time="43.032"/>
  <testcase classname="com.runner.RunnerFile" name="Scenario" time="34.576"/>
</testsuite> <!-- Default test -->
