<?xml version="1.0" encoding="UTF-8" standalone="no"?>
<testsuite errors="0" failures="0" name="io.cucumber.core.plugin.JUnitFormatter" skipped="0" tests="11" time="361.139">
    <testcase classname="To validate if the required text box and buttons are working" name="Valid credentials to login" time="29.981">
        <system-out><![CDATA[When One_Driver is loaded...................................................passed
When One_Property File is loaded............................................passed
Then One_Directed to the site...............................................passed
And One_Enter the user name.................................................passed
Then One_Enter the password.................................................passed
And One_Click on Login......................................................passed
Then One_Log Out............................................................passed
Then One_Driver is closed...................................................passed
]]></system-out>
    </testcase>
    <testcase classname="To validate if the required text box and buttons are working" name="Invalid credentials to login" time="17.188">
        <system-out><![CDATA[When One_Driver is loaded...................................................passed
When One_Property File is loaded............................................passed
Then One_Directed to the site...............................................passed
And One_Enter the invalid user name.........................................passed
Then One_Enter the invalid password.........................................passed
And One_Click on Login......................................................passed
Then One_Driver is closed...................................................passed
]]></system-out>
    </testcase>
    <testcase classname="To validate if the required text box and buttons are working" name="Forgot Password" time="19.279">
        <system-out><![CDATA[When One_Driver is loaded...................................................passed
When One_Property File is loaded............................................passed
Then One_Directed to the site...............................................passed
And One_Click on Forgot your password.......................................passed
Then One_Driver is closed...................................................passed
]]></system-out>
    </testcase>
    <testcase classname="To check relevant employee related information" name="Different types of personal information, detailed qualifications, work experience, job related information etc." time="37.035">
        <system-out><![CDATA[When Two_Driver is loaded...................................................passed
When Two_Property File is loaded............................................passed
Then Two_Directed to the site...............................................passed
And Two_Enter valid credentials and login...................................passed
Then Two_Click on PIM.......................................................passed
Then Two_Click on Employee List.............................................passed
Then Two_Log Out............................................................passed
Then Two_Driver is closed...................................................passed
]]></system-out>
    </testcase>
    <testcase classname="To verify whether admin should be able to Configure optional and custom fields" name="Configure optional fields" time="29.113">
        <system-out><![CDATA[When Three_Driver is loaded.................................................passed
When Three_Property File is loaded..........................................passed
Then Three_Directed to the site.............................................passed
And Three_Enter valid credentials and login.................................passed
Then Three_Click on PIM.....................................................passed
Then Three_Click on Configuration...........................................passed
Then Three_Click on Optional Fields.........................................passed
Then Three_Log Out..........................................................passed
Then Three_Driver is closed.................................................passed
]]></system-out>
    </testcase>
    <testcase classname="To verify whether admin should be able to Configure optional and custom fields" name="Configure custom fields" time="30.322">
        <system-out><![CDATA[When Three_Driver is loaded.................................................passed
When Three_Property File is loaded..........................................passed
Then Three_Directed to the site.............................................passed
And Three_Enter valid credentials and login.................................passed
Then Three_Click on PIM.....................................................passed
Then Three_Click on Configuration...........................................passed
Then Three_Click on Custom fields...........................................passed
Then Three_Log Out..........................................................passed
Then Three_Driver is closed.................................................passed
]]></system-out>
    </testcase>
    <testcase classname="To verify whether admin should be able to View all employee details" name="To validate if admin able to View all employee details" time="44.871">
        <system-out><![CDATA[When Four_Driver is loaded..................................................passed
When Four_Property File is loaded...........................................passed
Then Four_Directed to the site..............................................passed
And Four_Enter valid credentials and login..................................passed
Then Four_Click on Employee List............................................passed
Then Four_Log Out...........................................................passed
Then Four_Driver is closed..................................................passed
]]></system-out>
    </testcase>
    <testcase classname="To verify whether admin should be able to Add employee on the list." name="To validate if admin able to add employee on the list" time="36.84">
        <system-out><![CDATA[When Five_Driver is loaded..................................................passed
When Five_Property File is loaded...........................................passed
Then Five_Directed to the site..............................................passed
And Five_Enter valid credentials and login..................................passed
Then Five_Click on PIM......................................................passed
Then Five_Click on Add Employee.............................................passed
Then Five_Enter New Employee data...........................................passed
Then Five_Log Out...........................................................passed
Then Five_Driver is closed..................................................passed
]]></system-out>
    </testcase>
    <testcase classname="To verify whether  admin should be able to Generate employee report" name="To validate if admin able to generate employee report" time="38.329">
        <system-out><![CDATA[When Six_Driver is loaded...................................................passed
When Six_Property File is loaded............................................passed
Then Six_Directed to the site...............................................passed
And Six_Enter valid credentials and login...................................passed
Then Six_Click on PIM.......................................................passed
Then Six_Click on Reports...................................................passed
Then Six_Add a new Report...................................................passed
Then Six_Log Out............................................................passed
Then Six_Driver is closed...................................................passed
]]></system-out>
    </testcase>
    <testcase classname="To verify whether  ESS-Supervisor should be able to View his personal details as well as his/her subordinates." name="To validate if ESS-Supervisor able to view his personal details" time="43.011">
        <system-out><![CDATA[When Seven_Driver is loaded.................................................passed
When Seven_Property File is loaded..........................................passed
Then Seven_Directed to the site.............................................passed
And Seven_Enter valid credentials and login.................................passed
Then Seven_Click on PIM.....................................................passed
Then Seven_Click on Employee List...........................................passed
Then Seven_Log Out..........................................................passed
Then Seven_Driver is closed.................................................passed
]]></system-out>
    </testcase>
    <testcase classname="To verify whether the ESS-Employee  can view his personal details under the �My Info� Module." name="To validate if ESS-Employee  can view his personal details under the �My Info� Module." time="34.555">
        <system-out><![CDATA[When Eight_Driver is loaded.................................................passed
When Eight_Property File is loaded..........................................passed
Then Eight_Directed to the site.............................................passed
And Eight_Enter the user name...............................................passed
Then Eight_Enter the password...............................................passed
And Eight_Click on Login....................................................passed
Then Eight_Log Out..........................................................passed
Then Eight_Driver is closed.................................................passed
]]></system-out>
    </testcase>
</testsuite>
