<?xml version="1.0" encoding="UTF-8"?>
<testng-results ignored="0" total="11" passed="11" failed="0" skipped="0">
  <reporter-output>
  </reporter-output>
  <suite started-at="2022-05-23T22:32:44 IST" name="Default suite" finished-at="2022-05-23T22:38:46 IST" duration-ms="362159">
    <groups>
      <group name="cucumber">
        <method signature="RunnerFile.Scenario(io.cucumber.testng.PickleWrapper,io.cucumber.testng.FeatureWrapper)[pri:0, instance:com.runner.RunnerFile@5e5d171f]" name="Scenario" class="com.runner.RunnerFile"/>
      </group> <!-- cucumber -->
    </groups>
    <test started-at="2022-05-23T22:32:44 IST" name="Default test" finished-at="2022-05-23T22:38:46 IST" duration-ms="362159">
      <class name="com.runner.RunnerFile">
        <test-method is-config="true" signature="setUpCucumber()[pri:0, instance:com.runner.RunnerFile@5e5d171f]" started-at="2022-05-23T22:32:44 IST" name="setUpCucumber" finished-at="2022-05-23T22:32:45 IST" duration-ms="757" status="PASS">
          <reporter-output>
          </reporter-output>
        </test-method> <!-- setUpCucumber -->
        <test-method is-config="true" signature="setUpClass()[pri:0, instance:com.runner.RunnerFile@5e5d171f]" started-at="2022-05-23T22:32:45 IST" name="setUpClass" finished-at="2022-05-23T22:32:45 IST" duration-ms="1" status="PASS">
          <reporter-output>
          </reporter-output>
        </test-method> <!-- setUpClass -->
        <test-method signature="Scenario(io.cucumber.testng.PickleWrapper,io.cucumber.testng.FeatureWrapper)[pri:0, instance:com.runner.RunnerFile@5e5d171f]" started-at="2022-05-23T22:32:45 IST" name="Scenario" description="Runs Cucumber Feature" data-provider="Scenarios" finished-at="2022-05-23T22:33:15 IST" duration-ms="30082" status="PASS">
          <params>
            <param index="0">
              <value>
                <![CDATA["Valid credentials to login"]]>
              </value>
            </param>
            <param index="1">
              <value>
                <![CDATA["Optional[To validate if the required text box and buttons are working]"]]>
              </value>
            </param>
          </params>
          <reporter-output>
          </reporter-output>
        </test-method> <!-- Scenario -->
        <test-method signature="Scenario(io.cucumber.testng.PickleWrapper,io.cucumber.testng.FeatureWrapper)[pri:0, instance:com.runner.RunnerFile@5e5d171f]" started-at="2022-05-23T22:33:15 IST" name="Scenario" description="Runs Cucumber Feature" data-provider="Scenarios" finished-at="2022-05-23T22:33:32 IST" duration-ms="17235" status="PASS">
          <params>
            <param index="0">
              <value>
                <![CDATA["Invalid credentials to login"]]>
              </value>
            </param>
            <param index="1">
              <value>
                <![CDATA["Optional[To validate if the required text box and buttons are working]"]]>
              </value>
            </param>
          </params>
          <reporter-output>
          </reporter-output>
        </test-method> <!-- Scenario -->
        <test-method is-config="true" signature="setUpClass()[pri:0, instance:com.runner.RunnerFile@5e5d171f]" started-at="2022-05-23T22:33:15 IST" name="setUpClass" finished-at="2022-05-23T22:33:15 IST" duration-ms="0" status="PASS">
          <reporter-output>
          </reporter-output>
        </test-method> <!-- setUpClass -->
        <test-method is-config="true" signature="setUpClass()[pri:0, instance:com.runner.RunnerFile@5e5d171f]" started-at="2022-05-23T22:33:32 IST" name="setUpClass" finished-at="2022-05-23T22:33:32 IST" duration-ms="1" status="PASS">
          <reporter-output>
          </reporter-output>
        </test-method> <!-- setUpClass -->
        <test-method signature="Scenario(io.cucumber.testng.PickleWrapper,io.cucumber.testng.FeatureWrapper)[pri:0, instance:com.runner.RunnerFile@5e5d171f]" started-at="2022-05-23T22:33:32 IST" name="Scenario" description="Runs Cucumber Feature" data-provider="Scenarios" finished-at="2022-05-23T22:33:51 IST" duration-ms="19303" status="PASS">
          <params>
            <param index="0">
              <value>
                <![CDATA["Forgot Password"]]>
              </value>
            </param>
            <param index="1">
              <value>
                <![CDATA["Optional[To validate if the required text box and buttons are working]"]]>
              </value>
            </param>
          </params>
          <reporter-output>
          </reporter-output>
        </test-method> <!-- Scenario -->
        <test-method is-config="true" signature="setUpClass()[pri:0, instance:com.runner.RunnerFile@5e5d171f]" started-at="2022-05-23T22:33:51 IST" name="setUpClass" finished-at="2022-05-23T22:33:51 IST" duration-ms="1" status="PASS">
          <reporter-output>
          </reporter-output>
        </test-method> <!-- setUpClass -->
        <test-method signature="Scenario(io.cucumber.testng.PickleWrapper,io.cucumber.testng.FeatureWrapper)[pri:0, instance:com.runner.RunnerFile@5e5d171f]" started-at="2022-05-23T22:33:51 IST" name="Scenario" description="Runs Cucumber Feature" data-provider="Scenarios" finished-at="2022-05-23T22:34:29 IST" duration-ms="37064" status="PASS">
          <params>
            <param index="0">
              <value>
                <![CDATA["Different types of personal information, detailed qualifications, work experience, job related information etc."]]>
              </value>
            </param>
            <param index="1">
              <value>
                <![CDATA["Optional[To check relevant employee related information]"]]>
              </value>
            </param>
          </params>
          <reporter-output>
          </reporter-output>
        </test-method> <!-- Scenario -->
        <test-method is-config="true" signature="setUpClass()[pri:0, instance:com.runner.RunnerFile@5e5d171f]" started-at="2022-05-23T22:34:29 IST" name="setUpClass" finished-at="2022-05-23T22:34:29 IST" duration-ms="2" status="PASS">
          <reporter-output>
          </reporter-output>
        </test-method> <!-- setUpClass -->
        <test-method signature="Scenario(io.cucumber.testng.PickleWrapper,io.cucumber.testng.FeatureWrapper)[pri:0, instance:com.runner.RunnerFile@5e5d171f]" started-at="2022-05-23T22:34:29 IST" name="Scenario" description="Runs Cucumber Feature" data-provider="Scenarios" finished-at="2022-05-23T22:34:58 IST" duration-ms="29142" status="PASS">
          <params>
            <param index="0">
              <value>
                <![CDATA["Configure optional fields"]]>
              </value>
            </param>
            <param index="1">
              <value>
                <![CDATA["Optional[To verify whether admin should be able to Configure optional and custom fields]"]]>
              </value>
            </param>
          </params>
          <reporter-output>
          </reporter-output>
        </test-method> <!-- Scenario -->
        <test-method is-config="true" signature="setUpClass()[pri:0, instance:com.runner.RunnerFile@5e5d171f]" started-at="2022-05-23T22:34:58 IST" name="setUpClass" finished-at="2022-05-23T22:34:58 IST" duration-ms="1" status="PASS">
          <reporter-output>
          </reporter-output>
        </test-method> <!-- setUpClass -->
        <test-method signature="Scenario(io.cucumber.testng.PickleWrapper,io.cucumber.testng.FeatureWrapper)[pri:0, instance:com.runner.RunnerFile@5e5d171f]" started-at="2022-05-23T22:34:58 IST" name="Scenario" description="Runs Cucumber Feature" data-provider="Scenarios" finished-at="2022-05-23T22:35:28 IST" duration-ms="30344" status="PASS">
          <params>
            <param index="0">
              <value>
                <![CDATA["Configure custom fields"]]>
              </value>
            </param>
            <param index="1">
              <value>
                <![CDATA["Optional[To verify whether admin should be able to Configure optional and custom fields]"]]>
              </value>
            </param>
          </params>
          <reporter-output>
          </reporter-output>
        </test-method> <!-- Scenario -->
        <test-method is-config="true" signature="setUpClass()[pri:0, instance:com.runner.RunnerFile@5e5d171f]" started-at="2022-05-23T22:35:28 IST" name="setUpClass" finished-at="2022-05-23T22:35:28 IST" duration-ms="0" status="PASS">
          <reporter-output>
          </reporter-output>
        </test-method> <!-- setUpClass -->
        <test-method signature="Scenario(io.cucumber.testng.PickleWrapper,io.cucumber.testng.FeatureWrapper)[pri:0, instance:com.runner.RunnerFile@5e5d171f]" started-at="2022-05-23T22:35:28 IST" name="Scenario" description="Runs Cucumber Feature" data-provider="Scenarios" finished-at="2022-05-23T22:36:13 IST" duration-ms="44903" status="PASS">
          <params>
            <param index="0">
              <value>
                <![CDATA["To validate if admin able to View all employee details"]]>
              </value>
            </param>
            <param index="1">
              <value>
                <![CDATA["Optional[To verify whether admin should be able to View all employee details]"]]>
              </value>
            </param>
          </params>
          <reporter-output>
          </reporter-output>
        </test-method> <!-- Scenario -->
        <test-method is-config="true" signature="setUpClass()[pri:0, instance:com.runner.RunnerFile@5e5d171f]" started-at="2022-05-23T22:36:13 IST" name="setUpClass" finished-at="2022-05-23T22:36:13 IST" duration-ms="7" status="PASS">
          <reporter-output>
          </reporter-output>
        </test-method> <!-- setUpClass -->
        <test-method signature="Scenario(io.cucumber.testng.PickleWrapper,io.cucumber.testng.FeatureWrapper)[pri:0, instance:com.runner.RunnerFile@5e5d171f]" started-at="2022-05-23T22:36:13 IST" name="Scenario" description="Runs Cucumber Feature" data-provider="Scenarios" finished-at="2022-05-23T22:36:50 IST" duration-ms="36924" status="PASS">
          <params>
            <param index="0">
              <value>
                <![CDATA["To validate if admin able to add employee on the list"]]>
              </value>
            </param>
            <param index="1">
              <value>
                <![CDATA["Optional[To verify whether admin should be able to Add employee on the list.]"]]>
              </value>
            </param>
          </params>
          <reporter-output>
          </reporter-output>
        </test-method> <!-- Scenario -->
        <test-method signature="Scenario(io.cucumber.testng.PickleWrapper,io.cucumber.testng.FeatureWrapper)[pri:0, instance:com.runner.RunnerFile@5e5d171f]" started-at="2022-05-23T22:36:50 IST" name="Scenario" description="Runs Cucumber Feature" data-provider="Scenarios" finished-at="2022-05-23T22:37:28 IST" duration-ms="38363" status="PASS">
          <params>
            <param index="0">
              <value>
                <![CDATA["To validate if admin able to generate employee report"]]>
              </value>
            </param>
            <param index="1">
              <value>
                <![CDATA["Optional[To verify whether  admin should be able to Generate employee report]"]]>
              </value>
            </param>
          </params>
          <reporter-output>
          </reporter-output>
        </test-method> <!-- Scenario -->
        <test-method is-config="true" signature="setUpClass()[pri:0, instance:com.runner.RunnerFile@5e5d171f]" started-at="2022-05-23T22:36:50 IST" name="setUpClass" finished-at="2022-05-23T22:36:50 IST" duration-ms="0" status="PASS">
          <reporter-output>
          </reporter-output>
        </test-method> <!-- setUpClass -->
        <test-method is-config="true" signature="setUpClass()[pri:0, instance:com.runner.RunnerFile@5e5d171f]" started-at="2022-05-23T22:37:28 IST" name="setUpClass" finished-at="2022-05-23T22:37:28 IST" duration-ms="0" status="PASS">
          <reporter-output>
          </reporter-output>
        </test-method> <!-- setUpClass -->
        <test-method signature="Scenario(io.cucumber.testng.PickleWrapper,io.cucumber.testng.FeatureWrapper)[pri:0, instance:com.runner.RunnerFile@5e5d171f]" started-at="2022-05-23T22:37:28 IST" name="Scenario" description="Runs Cucumber Feature" data-provider="Scenarios" finished-at="2022-05-23T22:38:11 IST" duration-ms="43032" status="PASS">
          <params>
            <param index="0">
              <value>
                <![CDATA["To validate if ESS-Supervisor able to view his personal details"]]>
              </value>
            </param>
            <param index="1">
              <value>
                <![CDATA["Optional[To verify whether  ESS-Supervisor should be able to View his personal details as well as his/her subordinates.]"]]>
              </value>
            </param>
          </params>
          <reporter-output>
          </reporter-output>
        </test-method> <!-- Scenario -->
        <test-method is-config="true" signature="setUpClass()[pri:0, instance:com.runner.RunnerFile@5e5d171f]" started-at="2022-05-23T22:38:11 IST" name="setUpClass" finished-at="2022-05-23T22:38:11 IST" duration-ms="1" status="PASS">
          <reporter-output>
          </reporter-output>
        </test-method> <!-- setUpClass -->
        <test-method signature="Scenario(io.cucumber.testng.PickleWrapper,io.cucumber.testng.FeatureWrapper)[pri:0, instance:com.runner.RunnerFile@5e5d171f]" started-at="2022-05-23T22:38:11 IST" name="Scenario" description="Runs Cucumber Feature" data-provider="Scenarios" finished-at="2022-05-23T22:38:46 IST" duration-ms="34576" status="PASS">
          <params>
            <param index="0">
              <value>
                <![CDATA["To validate if ESS-Employee  can view his personal details under the �My Info� Module."]]>
              </value>
            </param>
            <param index="1">
              <value>
                <![CDATA["Optional[To verify whether the ESS-Employee  can view his personal details under the �My Info� Module.]"]]>
              </value>
            </param>
          </params>
          <reporter-output>
          </reporter-output>
        </test-method> <!-- Scenario -->
        <test-method is-config="true" signature="tearDownClass()[pri:0, instance:com.runner.RunnerFile@5e5d171f]" started-at="2022-05-23T22:38:46 IST" name="tearDownClass" finished-at="2022-05-23T22:38:46 IST" duration-ms="354" status="PASS">
          <reporter-output>
          </reporter-output>
        </test-method> <!-- tearDownClass -->
      </class> <!-- com.runner.RunnerFile -->
    </test> <!-- Default test -->
  </suite> <!-- Default suite -->
</testng-results>
